2026-05-02T18:22:05.028-03:00  INFO 2460 --- [financeiro] [restartedMain] c.p.financeiro.FinanceiroApplication     : Starting FinanceiroApplication using Java 17.0.18 with PID 2460 (C:\Users\jefti\Projetos A3\Certus_ControleFinanceiro_BackEnd\target\classes started by jefti in C:\Users\jefti\Projetos A3\Certus_ControleFinanceiro_BackEnd)
2026-05-02T18:22:05.032-03:00  INFO 2460 --- [financeiro] [restartedMain] c.p.financeiro.FinanceiroApplication     : No active profile set, falling back to 1 default profile: "default"
2026-05-02T18:22:05.101-03:00  INFO 2460 --- [financeiro] [restartedMain] .e.DevToolsPropertyDefaultsPostProcessor : Devtools property defaults active! Set 'spring.devtools.add-properties' to 'false' to disable
2026-05-02T18:22:05.101-03:00  INFO 2460 --- [financeiro] [restartedMain] .e.DevToolsPropertyDefaultsPostProcessor : For additional web related logging consider setting the 'logging.level.web' property to 'DEBUG'
2026-05-02T18:22:06.663-03:00  INFO 2460 --- [financeiro] [restartedMain] .s.d.r.c.RepositoryConfigurationDelegate : Bootstrapping Spring Data JPA repositories in DEFAULT mode.
2026-05-02T18:22:06.748-03:00  INFO 2460 --- [financeiro] [restartedMain] .s.d.r.c.RepositoryConfigurationDelegate : Finished Spring Data repository scanning in 72 ms. Found 4 JPA repository interfaces.
2026-05-02T18:22:07.482-03:00  INFO 2460 --- [financeiro] [restartedMain] o.s.b.w.embedded.tomcat.TomcatWebServer  : Tomcat initialized with port 8080 (http)
2026-05-02T18:22:07.505-03:00  INFO 2460 --- [financeiro] [restartedMain] o.apache.catalina.core.StandardService   : Starting service [Tomcat]
2026-05-02T18:22:07.506-03:00  INFO 2460 --- [financeiro] [restartedMain] o.apache.catalina.core.StandardEngine    : Starting Servlet engine: [Apache Tomcat/10.1.53]
2026-05-02T18:22:07.574-03:00  INFO 2460 --- [financeiro] [restartedMain] o.a.c.c.C.[Tomcat].[localhost].[/]       : Initializing Spring embedded WebApplicationContext
2026-05-02T18:22:07.575-03:00  INFO 2460 --- [financeiro] [restartedMain] w.s.c.ServletWebServerApplicationContext : Root WebApplicationContext: initialization completed in 2472 ms
2026-05-02T18:22:07.983-03:00  INFO 2460 --- [financeiro] [restartedMain] com.zaxxer.hikari.HikariDataSource       : HikariPool-1 - Starting...
2026-05-02T18:22:08.231-03:00  INFO 2460 --- [financeiro] [restartedMain] com.zaxxer.hikari.pool.HikariPool        : HikariPool-1 - Added connection org.postgresql.jdbc.PgConnection@4a5675f0
2026-05-02T18:22:08.231-03:00  INFO 2460 --- [financeiro] [restartedMain] com.zaxxer.hikari.HikariDataSource       : HikariPool-1 - Start completed.
2026-05-02T18:22:08.277-03:00  INFO 2460 --- [financeiro] [restartedMain] org.flywaydb.core.FlywayExecutor         : Database: jdbc:postgresql://localhost:5432/certus (PostgreSQL 18.3)
2026-05-02T18:22:08.293-03:00  WARN 2460 --- [financeiro] [restartedMain] o.f.c.internal.database.base.Database    : Flyway upgrade recommended: PostgreSQL 18.3 is newer than this version of Flyway and support has not been tested. The latest supported version of PostgreSQL is 17.
2026-05-02T18:22:08.347-03:00  INFO 2460 --- [financeiro] [restartedMain] o.f.core.internal.command.DbValidate     : Successfully validated 3 migrations (execution time 00:00.034s)
2026-05-02T18:22:08.422-03:00  INFO 2460 --- [financeiro] [restartedMain] o.f.core.internal.command.DbMigrate      : Current version of schema "public": 3
2026-05-02T18:22:08.427-03:00  INFO 2460 --- [financeiro] [restartedMain] o.f.core.internal.command.DbMigrate      : Schema "public" is up to date. No migration necessary.
2026-05-02T18:22:08.531-03:00  INFO 2460 --- [financeiro] [restartedMain] o.hibernate.jpa.internal.util.LogHelper  : HHH000204: Processing PersistenceUnitInfo [name: default]
2026-05-02T18:22:08.640-03:00  INFO 2460 --- [financeiro] [restartedMain] org.hibernate.Version                    : HHH000412: Hibernate ORM core version 6.6.45.Final
2026-05-02T18:22:08.695-03:00  INFO 2460 --- [financeiro] [restartedMain] o.h.c.internal.RegionFactoryInitiator    : HHH000026: Second-level cache disabled
2026-05-02T18:22:09.050-03:00  INFO 2460 --- [financeiro] [restartedMain] o.s.o.j.p.SpringPersistenceUnitInfo      : No LoadTimeWeaver setup: ignoring JPA class transformer
2026-05-02T18:22:09.181-03:00  INFO 2460 --- [financeiro] [restartedMain] org.hibernate.orm.connections.pooling    : HHH10001005: Database info:
	Database JDBC URL [Connecting through datasource 'HikariDataSource (HikariPool-1)']
	Database driver: undefined/unknown
	Database version: 18.3
	Autocommit mode: undefined/unknown
	Isolation level: undefined/unknown
	Minimum pool size: undefined/unknown
	Maximum pool size: undefined/unknown
2026-05-02T18:22:10.534-03:00  INFO 2460 --- [financeiro] [restartedMain] o.h.e.t.j.p.i.JtaPlatformInitiator       : HHH000489: No JTA platform available (set 'hibernate.transaction.jta.platform' to enable JTA platform integration)
2026-05-02T18:22:10.598-03:00  INFO 2460 --- [financeiro] [restartedMain] j.LocalContainerEntityManagerFactoryBean : Initialized JPA EntityManagerFactory for persistence unit 'default'
2026-05-02T18:22:11.557-03:00  INFO 2460 --- [financeiro] [restartedMain] r$InitializeUserDetailsManagerConfigurer : Global AuthenticationManager configured with UserDetailsService bean with name userDetailsSecurityServer
2026-05-02T18:22:12.561-03:00  INFO 2460 --- [financeiro] [restartedMain] o.s.b.d.a.OptionalLiveReloadServer       : LiveReload server is running on port 35729
2026-05-02T18:22:12.642-03:00  INFO 2460 --- [financeiro] [restartedMain] o.s.b.w.embedded.tomcat.TomcatWebServer  : Tomcat started on port 8080 (http) with context path '/'
2026-05-02T18:22:12.731-03:00  INFO 2460 --- [financeiro] [restartedMain] o.s.b.w.embedded.tomcat.TomcatWebServer  : Tomcat initialized with port 8081 (http)
2026-05-02T18:22:12.731-03:00  INFO 2460 --- [financeiro] [restartedMain] o.apache.catalina.core.StandardService   : Starting service [Tomcat]
2026-05-02T18:22:12.731-03:00  INFO 2460 --- [financeiro] [restartedMain] o.apache.catalina.core.StandardEngine    : Starting Servlet engine: [Apache Tomcat/10.1.53]
2026-05-02T18:22:12.765-03:00  INFO 2460 --- [financeiro] [restartedMain] o.a.c.c.C.[Tomcat-1].[localhost].[/]     : Initializing Spring embedded WebApplicationContext
2026-05-02T18:22:12.765-03:00  INFO 2460 --- [financeiro] [restartedMain] w.s.c.ServletWebServerApplicationContext : Root WebApplicationContext: initialization completed in 118 ms
2026-05-02T18:22:12.765-03:00  INFO 2460 --- [financeiro] [restartedMain] o.s.b.a.e.web.EndpointLinksResolver      : Exposing 4 endpoints beneath base path '/actuator'
2026-05-02T18:22:12.823-03:00  INFO 2460 --- [financeiro] [restartedMain] o.s.b.w.embedded.tomcat.TomcatWebServer  : Tomcat started on port 8081 (http) with context path '/'
2026-05-02T18:22:12.841-03:00  INFO 2460 --- [financeiro] [restartedMain] c.p.financeiro.FinanceiroApplication     : Started FinanceiroApplication in 8.703 seconds (process running for 9.262)
2026-05-02T18:22:12.922-03:00  WARN 2460 --- [financeiro] [restartedMain] o.s.core.events.SpringDocAppInitializer  : SpringDoc /v3/api-docs endpoint is enabled by default. To disable it in production, set the property 'springdoc.api-docs.enabled=false'
2026-05-02T18:22:12.923-03:00  WARN 2460 --- [financeiro] [restartedMain] o.s.core.events.SpringDocAppInitializer  : SpringDoc /swagger-ui.html endpoint is enabled by default. To disable it in production, set the property 'springdoc.swagger-ui.enabled=false'
2026-05-02T18:23:26.850-03:00  INFO 2460 --- [financeiro] [SpringApplicationShutdownHook] o.s.b.w.e.tomcat.GracefulShutdown        : Commencing graceful shutdown. Waiting for active requests to complete
2026-05-02T18:23:26.998-03:00  INFO 2460 --- [financeiro] [tomcat-shutdown] o.s.b.w.e.tomcat.GracefulShutdown        : Graceful shutdown complete
2026-05-02T18:23:26.998-03:00  INFO 2460 --- [financeiro] [SpringApplicationShutdownHook] o.s.b.w.e.tomcat.GracefulShutdown        : Commencing graceful shutdown. Waiting for active requests to complete
2026-05-02T18:23:27.146-03:00  INFO 2460 --- [financeiro] [tomcat-shutdown] o.s.b.w.e.tomcat.GracefulShutdown        : Graceful shutdown complete
2026-05-02T18:23:27.165-03:00  INFO 2460 --- [financeiro] [SpringApplicationShutdownHook] j.LocalContainerEntityManagerFactoryBean : Closing JPA EntityManagerFactory for persistence unit 'default'
2026-05-02T18:23:27.176-03:00  INFO 2460 --- [financeiro] [SpringApplicationShutdownHook] com.zaxxer.hikari.HikariDataSource       : HikariPool-1 - Shutdown initiated...
2026-05-02T18:23:27.186-03:00  INFO 2460 --- [financeiro] [SpringApplicationShutdownHook] com.zaxxer.hikari.HikariDataSource       : HikariPool-1 - Shutdown completed.
2026-05-02T19:02:29.809-03:00  INFO 14016 --- [financeiro] [restartedMain] c.p.financeiro.FinanceiroApplication     : Starting FinanceiroApplication using Java 17.0.18 with PID 14016 (C:\Users\jefti\Projetos A3\Certus_ControleFinanceiro_BackEnd\target\classes started by jefti in C:\Users\jefti\Projetos A3\Certus_ControleFinanceiro_BackEnd)
2026-05-02T19:02:29.820-03:00  INFO 14016 --- [financeiro] [restartedMain] c.p.financeiro.FinanceiroApplication     : No active profile set, falling back to 1 default profile: "default"
2026-05-02T19:02:29.893-03:00  INFO 14016 --- [financeiro] [restartedMain] .e.DevToolsPropertyDefaultsPostProcessor : Devtools property defaults active! Set 'spring.devtools.add-properties' to 'false' to disable
2026-05-02T19:02:29.893-03:00  INFO 14016 --- [financeiro] [restartedMain] .e.DevToolsPropertyDefaultsPostProcessor : For additional web related logging consider setting the 'logging.level.web' property to 'DEBUG'
2026-05-02T19:02:32.133-03:00  INFO 14016 --- [financeiro] [restartedMain] .s.d.r.c.RepositoryConfigurationDelegate : Bootstrapping Spring Data JPA repositories in DEFAULT mode.
2026-05-02T19:02:32.257-03:00  INFO 14016 --- [financeiro] [restartedMain] .s.d.r.c.RepositoryConfigurationDelegate : Finished Spring Data repository scanning in 108 ms. Found 4 JPA repository interfaces.
2026-05-02T19:02:33.291-03:00  INFO 14016 --- [financeiro] [restartedMain] o.s.b.w.embedded.tomcat.TomcatWebServer  : Tomcat initialized with port 8080 (http)
2026-05-02T19:02:33.306-03:00  INFO 14016 --- [financeiro] [restartedMain] o.apache.catalina.core.StandardService   : Starting service [Tomcat]
2026-05-02T19:02:33.306-03:00  INFO 14016 --- [financeiro] [restartedMain] o.apache.catalina.core.StandardEngine    : Starting Servlet engine: [Apache Tomcat/10.1.53]
2026-05-02T19:02:33.394-03:00  INFO 14016 --- [financeiro] [restartedMain] o.a.c.c.C.[Tomcat].[localhost].[/]       : Initializing Spring embedded WebApplicationContext
2026-05-02T19:02:33.396-03:00  INFO 14016 --- [financeiro] [restartedMain] w.s.c.ServletWebServerApplicationContext : Root WebApplicationContext: initialization completed in 3500 ms
2026-05-02T19:02:34.107-03:00  INFO 14016 --- [financeiro] [restartedMain] com.zaxxer.hikari.HikariDataSource       : HikariPool-1 - Starting...
2026-05-02T19:02:34.471-03:00  INFO 14016 --- [financeiro] [restartedMain] com.zaxxer.hikari.pool.HikariPool        : HikariPool-1 - Added connection org.postgresql.jdbc.PgConnection@15bb3dbf
2026-05-02T19:02:34.472-03:00  INFO 14016 --- [financeiro] [restartedMain] com.zaxxer.hikari.HikariDataSource       : HikariPool-1 - Start completed.
2026-05-02T19:02:34.508-03:00  INFO 14016 --- [financeiro] [restartedMain] org.flywaydb.core.FlywayExecutor         : Database: jdbc:postgresql://localhost:5432/certus (PostgreSQL 18.3)
2026-05-02T19:02:34.528-03:00  WARN 14016 --- [financeiro] [restartedMain] o.f.c.internal.database.base.Database    : Flyway upgrade recommended: PostgreSQL 18.3 is newer than this version of Flyway and support has not been tested. The latest supported version of PostgreSQL is 17.
2026-05-02T19:02:34.596-03:00  INFO 14016 --- [financeiro] [restartedMain] o.f.core.internal.command.DbValidate     : Successfully validated 3 migrations (execution time 00:00.052s)
2026-05-02T19:02:34.648-03:00  INFO 14016 --- [financeiro] [restartedMain] o.f.core.internal.command.DbMigrate      : Current version of schema "public": 3
2026-05-02T19:02:34.654-03:00  INFO 14016 --- [financeiro] [restartedMain] o.f.core.internal.command.DbMigrate      : Schema "public" is up to date. No migration necessary.
2026-05-02T19:02:34.802-03:00  INFO 14016 --- [financeiro] [restartedMain] o.hibernate.jpa.internal.util.LogHelper  : HHH000204: Processing PersistenceUnitInfo [name: default]
2026-05-02T19:02:34.925-03:00  INFO 14016 --- [financeiro] [restartedMain] org.hibernate.Version                    : HHH000412: Hibernate ORM core version 6.6.45.Final
2026-05-02T19:02:34.986-03:00  INFO 14016 --- [financeiro] [restartedMain] o.h.c.internal.RegionFactoryInitiator    : HHH000026: Second-level cache disabled
2026-05-02T19:02:35.586-03:00  INFO 14016 --- [financeiro] [restartedMain] o.s.o.j.p.SpringPersistenceUnitInfo      : No LoadTimeWeaver setup: ignoring JPA class transformer
2026-05-02T19:02:35.731-03:00  INFO 14016 --- [financeiro] [restartedMain] org.hibernate.orm.connections.pooling    : HHH10001005: Database info:
	Database JDBC URL [Connecting through datasource 'HikariDataSource (HikariPool-1)']
	Database driver: undefined/unknown
	Database version: 18.3
	Autocommit mode: undefined/unknown
	Isolation level: undefined/unknown
	Minimum pool size: undefined/unknown
	Maximum pool size: undefined/unknown
2026-05-02T19:02:37.408-03:00  INFO 14016 --- [financeiro] [restartedMain] o.h.e.t.j.p.i.JtaPlatformInitiator       : HHH000489: No JTA platform available (set 'hibernate.transaction.jta.platform' to enable JTA platform integration)
2026-05-02T19:02:37.496-03:00  INFO 14016 --- [financeiro] [restartedMain] j.LocalContainerEntityManagerFactoryBean : Initialized JPA EntityManagerFactory for persistence unit 'default'
2026-05-02T19:02:38.910-03:00  INFO 14016 --- [financeiro] [restartedMain] r$InitializeUserDetailsManagerConfigurer : Global AuthenticationManager configured with UserDetailsService bean with name userDetailsSecurityServer
2026-05-02T19:02:40.516-03:00  INFO 14016 --- [financeiro] [restartedMain] o.s.b.d.a.OptionalLiveReloadServer       : LiveReload server is running on port 35729
2026-05-02T19:02:40.649-03:00  INFO 14016 --- [financeiro] [restartedMain] o.s.b.w.embedded.tomcat.TomcatWebServer  : Tomcat started on port 8080 (http) with context path '/'
2026-05-02T19:02:40.767-03:00  INFO 14016 --- [financeiro] [restartedMain] o.s.b.w.embedded.tomcat.TomcatWebServer  : Tomcat initialized with port 8081 (http)
2026-05-02T19:02:40.767-03:00  INFO 14016 --- [financeiro] [restartedMain] o.apache.catalina.core.StandardService   : Starting service [Tomcat]
2026-05-02T19:02:40.767-03:00  INFO 14016 --- [financeiro] [restartedMain] o.apache.catalina.core.StandardEngine    : Starting Servlet engine: [Apache Tomcat/10.1.53]
2026-05-02T19:02:40.818-03:00  INFO 14016 --- [financeiro] [restartedMain] o.a.c.c.C.[Tomcat-1].[localhost].[/]     : Initializing Spring embedded WebApplicationContext
2026-05-02T19:02:40.818-03:00  INFO 14016 --- [financeiro] [restartedMain] w.s.c.ServletWebServerApplicationContext : Root WebApplicationContext: initialization completed in 162 ms
2026-05-02T19:02:40.843-03:00  INFO 14016 --- [financeiro] [restartedMain] o.s.b.a.e.web.EndpointLinksResolver      : Exposing 4 endpoints beneath base path '/actuator'
2026-05-02T19:02:40.918-03:00  INFO 14016 --- [financeiro] [restartedMain] o.s.b.w.embedded.tomcat.TomcatWebServer  : Tomcat started on port 8081 (http) with context path '/'
2026-05-02T19:02:40.938-03:00  INFO 14016 --- [financeiro] [restartedMain] c.p.financeiro.FinanceiroApplication     : Started FinanceiroApplication in 12.497 seconds (process running for 13.472)
2026-05-02T19:02:41.034-03:00  WARN 14016 --- [financeiro] [restartedMain] o.s.core.events.SpringDocAppInitializer  : SpringDoc /v3/api-docs endpoint is enabled by default. To disable it in production, set the property 'springdoc.api-docs.enabled=false'
2026-05-02T19:02:41.035-03:00  WARN 14016 --- [financeiro] [restartedMain] o.s.core.events.SpringDocAppInitializer  : SpringDoc /swagger-ui.html endpoint is enabled by default. To disable it in production, set the property 'springdoc.swagger-ui.enabled=false'
2026-05-02T19:05:20.644-03:00  INFO 14016 --- [financeiro] [File Watcher] rtingClassPathChangeChangedEventListener : Restarting due to 1 class path change (0 additions, 0 deletions, 1 modification)
2026-05-02T19:05:20.779-03:00  INFO 14016 --- [financeiro] [Thread-5] o.s.b.w.e.tomcat.GracefulShutdown        : Commencing graceful shutdown. Waiting for active requests to complete
2026-05-02T19:05:21.529-03:00  INFO 14016 --- [financeiro] [tomcat-shutdown] o.s.b.w.e.tomcat.GracefulShutdown        : Graceful shutdown complete
2026-05-02T19:05:21.538-03:00  INFO 14016 --- [financeiro] [Thread-5] o.s.b.w.e.tomcat.GracefulShutdown        : Commencing graceful shutdown. Waiting for active requests to complete
2026-05-02T19:05:22.469-03:00  INFO 14016 --- [financeiro] [tomcat-shutdown] o.s.b.w.e.tomcat.GracefulShutdown        : Graceful shutdown complete
2026-05-02T19:05:22.507-03:00  INFO 14016 --- [financeiro] [Thread-5] o.apache.catalina.core.StandardService   : Stopping service [Tomcat]
2026-05-02T19:05:22.589-03:00  INFO 14016 --- [financeiro] [Thread-5] j.LocalContainerEntityManagerFactoryBean : Closing JPA EntityManagerFactory for persistence unit 'default'
2026-05-02T19:05:22.644-03:00  INFO 14016 --- [financeiro] [Thread-5] com.zaxxer.hikari.HikariDataSource       : HikariPool-1 - Shutdown initiated...
2026-05-02T19:05:22.659-03:00  INFO 14016 --- [financeiro] [Thread-5] com.zaxxer.hikari.HikariDataSource       : HikariPool-1 - Shutdown completed.
2026-05-02T19:05:22.994-03:00  INFO 14016 --- [financeiro] [restartedMain] c.p.financeiro.FinanceiroApplication     : Starting FinanceiroApplication using Java 17.0.18 with PID 14016 (C:\Users\jefti\Projetos A3\Certus_ControleFinanceiro_BackEnd\target\classes started by jefti in C:\Users\jefti\Projetos A3\Certus_ControleFinanceiro_BackEnd)
2026-05-02T19:05:22.995-03:00  INFO 14016 --- [financeiro] [restartedMain] c.p.financeiro.FinanceiroApplication     : No active profile set, falling back to 1 default profile: "default"
2026-05-02T19:05:24.267-03:00  INFO 14016 --- [financeiro] [restartedMain] .s.d.r.c.RepositoryConfigurationDelegate : Bootstrapping Spring Data JPA repositories in DEFAULT mode.
2026-05-02T19:05:24.330-03:00  INFO 14016 --- [financeiro] [restartedMain] .s.d.r.c.RepositoryConfigurationDelegate : Finished Spring Data repository scanning in 60 ms. Found 4 JPA repository interfaces.
2026-05-02T19:05:24.605-03:00  INFO 14016 --- [financeiro] [restartedMain] o.s.b.w.embedded.tomcat.TomcatWebServer  : Tomcat initialized with port 8080 (http)
2026-05-02T19:05:24.606-03:00  INFO 14016 --- [financeiro] [restartedMain] o.apache.catalina.core.StandardService   : Starting service [Tomcat]
2026-05-02T19:05:24.607-03:00  INFO 14016 --- [financeiro] [restartedMain] o.apache.catalina.core.StandardEngine    : Starting Servlet engine: [Apache Tomcat/10.1.53]
2026-05-02T19:05:24.663-03:00  INFO 14016 --- [financeiro] [restartedMain] o.a.c.c.C.[Tomcat].[localhost].[/]       : Initializing Spring embedded WebApplicationContext
2026-05-02T19:05:24.665-03:00  INFO 14016 --- [financeiro] [restartedMain] w.s.c.ServletWebServerApplicationContext : Root WebApplicationContext: initialization completed in 1665 ms
2026-05-02T19:05:24.873-03:00  INFO 14016 --- [financeiro] [restartedMain] com.zaxxer.hikari.HikariDataSource       : HikariPool-2 - Starting...
2026-05-02T19:05:25.002-03:00  INFO 14016 --- [financeiro] [restartedMain] com.zaxxer.hikari.pool.HikariPool        : HikariPool-2 - Added connection org.postgresql.jdbc.PgConnection@583368a8
2026-05-02T19:05:25.003-03:00  INFO 14016 --- [financeiro] [restartedMain] com.zaxxer.hikari.HikariDataSource       : HikariPool-2 - Start completed.
2026-05-02T19:05:25.007-03:00  INFO 14016 --- [financeiro] [restartedMain] org.flywaydb.core.FlywayExecutor         : Database: jdbc:postgresql://localhost:5432/certus (PostgreSQL 18.3)
2026-05-02T19:05:25.024-03:00  WARN 14016 --- [financeiro] [restartedMain] o.f.c.internal.database.base.Database    : Flyway upgrade recommended: PostgreSQL 18.3 is newer than this version of Flyway and support has not been tested. The latest supported version of PostgreSQL is 17.
2026-05-02T19:05:25.063-03:00  INFO 14016 --- [financeiro] [restartedMain] o.f.core.internal.command.DbValidate     : Successfully validated 3 migrations (execution time 00:00.024s)
2026-05-02T19:05:25.152-03:00  INFO 14016 --- [financeiro] [restartedMain] o.f.core.internal.command.DbMigrate      : Current version of schema "public": 3
2026-05-02T19:05:25.155-03:00  INFO 14016 --- [financeiro] [restartedMain] o.f.core.internal.command.DbMigrate      : Schema "public" is up to date. No migration necessary.
2026-05-02T19:05:25.214-03:00  INFO 14016 --- [financeiro] [restartedMain] o.hibernate.jpa.internal.util.LogHelper  : HHH000204: Processing PersistenceUnitInfo [name: default]
2026-05-02T19:05:25.219-03:00  INFO 14016 --- [financeiro] [restartedMain] o.h.c.internal.RegionFactoryInitiator    : HHH000026: Second-level cache disabled
2026-05-02T19:05:25.244-03:00  INFO 14016 --- [financeiro] [restartedMain] o.s.o.j.p.SpringPersistenceUnitInfo      : No LoadTimeWeaver setup: ignoring JPA class transformer
2026-05-02T19:05:25.257-03:00  INFO 14016 --- [financeiro] [restartedMain] org.hibernate.orm.connections.pooling    : HHH10001005: Database info:
	Database JDBC URL [Connecting through datasource 'HikariDataSource (HikariPool-2)']
	Database driver: undefined/unknown
	Database version: 18.3
	Autocommit mode: undefined/unknown
	Isolation level: undefined/unknown
	Minimum pool size: undefined/unknown
	Maximum pool size: undefined/unknown
2026-05-02T19:05:25.520-03:00  INFO 14016 --- [financeiro] [restartedMain] o.h.e.t.j.p.i.JtaPlatformInitiator       : HHH000489: No JTA platform available (set 'hibernate.transaction.jta.platform' to enable JTA platform integration)
2026-05-02T19:05:25.561-03:00  INFO 14016 --- [financeiro] [restartedMain] j.LocalContainerEntityManagerFactoryBean : Initialized JPA EntityManagerFactory for persistence unit 'default'
2026-05-02T19:05:26.078-03:00  INFO 14016 --- [financeiro] [restartedMain] r$InitializeUserDetailsManagerConfigurer : Global AuthenticationManager configured with UserDetailsService bean with name userDetailsSecurityServer
2026-05-02T19:05:26.487-03:00  INFO 14016 --- [financeiro] [restartedMain] o.s.b.a.e.web.EndpointLinksResolver      : Exposing 4 endpoints beneath base path '/actuator'
2026-05-02T19:05:27.083-03:00  INFO 14016 --- [financeiro] [restartedMain] o.s.b.d.a.OptionalLiveReloadServer       : LiveReload server is running on port 35729
2026-05-02T19:05:27.161-03:00  INFO 14016 --- [financeiro] [restartedMain] o.s.b.w.embedded.tomcat.TomcatWebServer  : Tomcat started on port 8080 (http) with context path '/'
2026-05-02T19:05:27.182-03:00  INFO 14016 --- [financeiro] [restartedMain] c.p.financeiro.FinanceiroApplication     : Started FinanceiroApplication in 4.268 seconds (process running for 179.711)
2026-05-02T19:05:27.188-03:00  WARN 14016 --- [financeiro] [restartedMain] o.s.core.events.SpringDocAppInitializer  : SpringDoc /v3/api-docs endpoint is enabled by default. To disable it in production, set the property 'springdoc.api-docs.enabled=false'
2026-05-02T19:05:27.189-03:00  WARN 14016 --- [financeiro] [restartedMain] o.s.core.events.SpringDocAppInitializer  : SpringDoc /swagger-ui.html endpoint is enabled by default. To disable it in production, set the property 'springdoc.swagger-ui.enabled=false'
2026-05-02T19:05:27.203-03:00  INFO 14016 --- [financeiro] [restartedMain] .ConditionEvaluationDeltaLoggingListener : Condition evaluation delta:


==========================
CONDITION EVALUATION DELTA
==========================


Positive matches:
-----------------

   ManagementContextAutoConfiguration.SameManagementContextConfiguration matched:
      - Management Port actual port type (SAME) matched required type (OnManagementPortCondition)

   SecurityRequestMatchersManagementContextConfiguration matched:
      - @ConditionalOnClass found required class 'org.springframework.security.web.util.matcher.RequestMatcher' (OnClassCondition)
      - found 'session' scope (OnWebApplicationCondition)

   SecurityRequestMatchersManagementContextConfiguration.MvcRequestMatcherConfiguration matched:
      - @ConditionalOnClass found required class 'org.springframework.web.servlet.DispatcherServlet' (OnClassCondition)
      - @ConditionalOnBean (types: org.springframework.boot.autoconfigure.web.servlet.DispatcherServletPath; SearchStrategy: all) found bean 'dispatcherServletRegistration' (OnBeanCondition)

   SecurityRequestMatchersManagementContextConfiguration.MvcRequestMatcherConfiguration#requestMatcherProvider matched:
      - @ConditionalOnMissingBean (types: org.springframework.boot.actuate.autoconfigure.security.servlet.RequestMatcherProvider; SearchStrategy: all) did not find any beans (OnBeanCondition)

   ServletEndpointManagementContextConfiguration matched:
      - found 'session' scope (OnWebApplicationCondition)

   ServletEndpointManagementContextConfiguration.WebMvcServletEndpointManagementContextConfiguration matched:
      - @ConditionalOnClass found required class 'org.springframework.web.servlet.DispatcherServlet' (OnClassCondition)

   WebMvcEndpointManagementContextConfiguration matched:
      - @ConditionalOnClass found required class 'org.springframework.web.servlet.DispatcherServlet' (OnClassCondition)
      - found 'session' scope (OnWebApplicationCondition)
      - @ConditionalOnBean (types: org.springframework.web.servlet.DispatcherServlet,org.springframework.boot.actuate.endpoint.web.WebEndpointsSupplier; SearchStrategy: all) found beans 'webEndpointDiscoverer', 'dispatcherServlet' (OnBeanCondition)

   WebMvcEndpointManagementContextConfiguration#controllerEndpointHandlerMapping matched:
      - @ConditionalOnMissingBean (types: org.springframework.boot.actuate.endpoint.web.servlet.ControllerEndpointHandlerMapping; SearchStrategy: all) did not find any beans (OnBeanCondition)

   WebMvcEndpointManagementContextConfiguration#endpointObjectMapperWebMvcConfigurer matched:
      - @ConditionalOnBean (types: org.springframework.boot.actuate.endpoint.jackson.EndpointObjectMapper; SearchStrategy: all) found bean 'endpointObjectMapper' (OnBeanCondition)

   WebMvcEndpointManagementContextConfiguration#webEndpointServletHandlerMapping matched:
      - @ConditionalOnMissingBean (types: org.springframework.boot.actuate.endpoint.web.servlet.WebMvcEndpointHandlerMapping; SearchStrategy: all) did not find any beans (OnBeanCondition)


Negative matches:
-----------------

   JerseySameManagementContextConfiguration:
      Did not match:
         - @ConditionalOnClass did not find required class 'org.glassfish.jersey.server.ResourceConfig' (OnClassCondition)

   JerseyWebEndpointManagementContextConfiguration:
      Did not match:
         - @ConditionalOnClass did not find required class 'org.glassfish.jersey.server.ResourceConfig' (OnClassCondition)

   ManagementContextAutoConfiguration.DifferentManagementContextConfiguration:
      Did not match:
         - Management Port actual port type (SAME) did not match required type (DIFFERENT) (OnManagementPortCondition)

   SecurityRequestMatchersManagementContextConfiguration.JerseyRequestMatcherConfiguration:
      Did not match:
         - @ConditionalOnClass did not find required class 'org.glassfish.jersey.server.ResourceConfig' (OnClassCondition)

   ServletEndpointManagementContextConfiguration.JerseyServletEndpointManagementContextConfiguration:
      Did not match:
         - @ConditionalOnClass did not find required class 'org.glassfish.jersey.server.ResourceConfig' (OnClassCondition)

   WebFluxEndpointManagementContextConfiguration:
      Did not match:
         - @ConditionalOnClass did not find required class 'org.springframework.web.reactive.DispatcherHandler' (OnClassCondition)

   WebMvcEndpointManagementContextConfiguration#managementHealthEndpointWebMvcHandlerMapping:
      Did not match:
         - Management Port actual port type (SAME) did not match required type (DIFFERENT) (OnManagementPortCondition)


Exclusions:
-----------

    None


Unconditional classes:
----------------------

    None



